[debug] [2019-01-09T11:26:03.844Z] ----------------------------------------------------------------------
[debug] [2019-01-09T11:26:03.846Z] Command:       /usr/local/bin/node /usr/local/bin/firebase serve --only functions
[debug] [2019-01-09T11:26:03.846Z] CLI Version:   6.2.2
[debug] [2019-01-09T11:26:03.846Z] Platform:      darwin
[debug] [2019-01-09T11:26:03.846Z] Node Version:  v10.15.0
[debug] [2019-01-09T11:26:03.853Z] Time:          Wed Jan 09 2019 06:26:03 GMT-0500 (Peru Standard Time)
[debug] [2019-01-09T11:26:03.853Z] ----------------------------------------------------------------------
[debug] 
[debug] [2019-01-09T11:26:03.866Z] > command requires scopes: ["email","openid","https://www.googleapis.com/auth/cloudplatformprojects.readonly","https://www.googleapis.com/auth/firebase","https://www.googleapis.com/auth/cloud-platform"]
[debug] [2019-01-09T11:26:03.867Z] > authorizing via signed-in user
[debug] [2019-01-09T11:26:03.867Z] [iam] checking project agroanalytics-b2462 for permissions ["firebase.projects.get"]
[debug] [2019-01-09T11:26:03.869Z] > refreshing access token with scopes: ["email","https://www.googleapis.com/auth/cloud-platform","https://www.googleapis.com/auth/cloudplatformprojects.readonly","https://www.googleapis.com/auth/firebase","openid"]
[debug] [2019-01-09T11:26:03.869Z] >>> HTTP REQUEST POST https://www.googleapis.com/oauth2/v3/token  
 <request body omitted>
[debug] [2019-01-09T11:26:04.299Z] <<< HTTP RESPONSE 200
[debug] [2019-01-09T11:26:04.314Z] >>> HTTP REQUEST POST https://cloudresourcemanager.googleapis.com/v1/projects/agroanalytics-b2462:testIamPermissions  

[debug] [2019-01-09T11:26:04.837Z] <<< HTTP RESPONSE 200
[debug] [2019-01-09T11:26:04.839Z] >>> HTTP REQUEST GET https://cloudresourcemanager.googleapis.com/v1/projects/agroanalytics-b2462  
 
[debug] [2019-01-09T11:26:05.202Z] <<< HTTP RESPONSE 200
[info]