[debug] [2020-07-25T16:11:13.361Z] ----------------------------------------------------------------------
[debug] [2020-07-25T16:11:13.363Z] Command:       /usr/local/bin/node /Users/macintoshhd/.npm-global/bin/firebase serve --only functions
[debug] [2020-07-25T16:11:13.363Z] CLI Version:   8.6.0
[debug] [2020-07-25T16:11:13.363Z] Platform:      darwin
[debug] [2020-07-25T16:11:13.363Z] Node Version:  v12.18.1
[debug] [2020-07-25T16:11:13.365Z] Time:          Sat Jul 25 2020 11:11:13 GMT-0500 (Peru Standard Time)
[debug] [2020-07-25T16:11:13.365Z] ----------------------------------------------------------------------
[debug] [2020-07-25T16:11:13.365Z] 
[debug] [2020-07-25T16:11:13.382Z] > command requires scopes: ["email","openid","https://www.googleapis.com/auth/cloudplatformprojects.readonly","https://www.googleapis.com/auth/firebase","https://www.googleapis.com/auth/cloud-platform"]
[debug] [2020-07-25T16:11:13.383Z] > authorizing via signed-in user
[debug] [2020-07-25T16:11:13.384Z] [iam] checking project agroanalytics-b2462 for permissions ["firebase.projects.get"]
[debug] [2020-07-25T16:11:13.392Z] > refreshing access token with scopes: ["email","https://www.googleapis.com/auth/cloud-platform","https://www.googleapis.com/auth/cloudplatformprojects.readonly","https://www.googleapis.com/auth/firebase","openid"]
[debug] [2020-07-25T16:11:13.393Z] >>> HTTP REQUEST POST https://www.googleapis.com/oauth2/v3/token  
 <request body omitted>
[debug] [2020-07-25T16:11:14.075Z] <<< HTTP RESPONSE 200 {"content-type":"application/json; charset=utf-8","vary":"X-Origin, Referer, Origin,Accept-Encoding","date":"Sat, 25 Jul 2020 16:11:13 GMT","server":"scaffolding on HTTPServer2","cache-control":"private","x-xss-protection":"0","x-frame-options":"SAMEORIGIN","x-content-type-options":"nosniff","alt-svc":"h3-29=\":443\"; ma=2592000,h3-27=\":443\"; ma=2592000,h3-T050=\":443\"; ma=2592000,h3-Q050=\":443\"; ma=2592000,h3-Q046=\":443\"; ma=2592000,h3-Q043=\":443\"; ma=2592000,quic=\":443\"; ma=2592000; v=\"46,43\"","accept-ranges":"none","transfer-encoding":"chunked"}
[debug] [2020-07-25T16:11:14.106Z] >>> HTTP REQUEST POST https://cloudresourcemanager.googleapis.com/v1/projects/agroanalytics-b2462:testIamPermissions  
 {"permissions":["firebase.projects.get"]}
[debug] [2020-07-25T16:11:15.397Z] <<< HTTP RESPONSE 200 {"content-type":"application/json; charset=UTF-8","vary":"X-Origin, Referer, Origin,Accept-Encoding","date":"Sat, 25 Jul 2020 16:11:15 GMT","server":"ESF","cache-control":"private","x-xss-protection":"0","x-frame-options":"SAMEORIGIN","x-content-type-options":"nosniff","server-timing":"gfet4t7; dur=862","alt-svc":"h3-29=\":443\"; ma=2592000,h3-27=\":443\"; ma=2592000,h3-T050=\":443\"; ma=2592000,h3-Q050=\":443\"; ma=2592000,h3-Q046=\":443\"; ma=2592000,h3-Q043=\":443\"; ma=2592000,quic=\":443\"; ma=2592000; v=\"46,43\"","accept-ranges":"none","transfer-encoding":"chunked"}
[debug] [2020-07-25T16:11:15.400Z] >>> HTTP REQUEST GET https://firebase.googleapis.com/v1beta1/projects/agroanalytics-b2462  
 
[debug] [2020-07-25T16:11:16.664Z] <<< HTTP RESPONSE 200 {"content-type":"application/json; charset=UTF-8","vary":"X-Origin, Referer, Origin,Accept-Encoding","date":"Sat, 25 Jul 2020 16:11:16 GMT","server":"ESF","cache-control":"private","x-xss-protection":"0","x-frame-options":"SAMEORIGIN","x-content-type-options":"nosniff","alt-svc":"h3-29=\":443\"; ma=2592000,h3-27=\":443\"; ma=2592000,h3-T050=\":443\"; ma=2592000,h3-Q050=\":443\"; ma=2592000,h3-Q046=\":443\"; ma=2592000,h3-Q043=\":443\"; ma=2592000,quic=\":443\"; ma=2592000; v=\"46,43\"","accept-ranges":"none","transfer-encoding":"chunked"}
[warn] ⚠  Your requested "node" version "10" doesn't match your global version "12" {"metadata":{"emulator":{"name":"functions"},"message":"Your requested \"node\" version \"10\" doesn't match your global version \"12\""}}
[info] i  functions: Watching "/Users/macintoshhd/Documents/proyectos/agroanalytics/functions" for Cloud Functions... {"metadata":{"emulator":{"name":"functions"},"message":"Watching \"/Users/macintoshhd/Documents/proyectos/agroanalytics/functions\" for Cloud Functions..."}}
[debug] [2020-07-25T16:11:16.709Z] [worker-pool] addWorker(~diagnostic~) {"metadata":{"emulator":{"name":"functions"},"message":"[worker-pool] addWorker(~diagnostic~)"}}
[debug] [2020-07-25T16:11:16.711Z] [worker-pool] Adding worker with key ~diagnostic~, total=1 {"metadata":{"emulator":{"name":"functions"},"message":"[worker-pool] Adding worker with key ~diagnostic~, total=1"}}
[debug] [2020-07-25T16:11:16.711Z] [worker-pool] submitWork(triggerId=) {"metadata":{"emulator":{"name":"functions"},"message":"[worker-pool] submitWork(triggerId=)"}}
[debug] [2020-07-25T16:11:16.712Z] [worker-~diagnostic~-27cdedb1-af37-4d6d-a4c5-ef83792e99a9]: Assigning socketPath: /var/folders/b7/5phm55692vz1t6h8s79dmx6m0000gn/T/fire_emu_929.sock {"metadata":{"emulator":{"name":"functions"},"message":"[worker-~diagnostic~-27cdedb1-af37-4d6d-a4c5-ef83792e99a9]: Assigning socketPath: /var/folders/b7/5phm55692vz1t6h8s79dmx6m0000gn/T/fire_emu_929.sock"}}
[debug] [2020-07-25T16:11:16.712Z] [worker-~diagnostic~-27cdedb1-af37-4d6d-a4c5-ef83792e99a9]: BUSY {"metadata":{"emulator":{"name":"functions"},"message":"[worker-~diagnostic~-27cdedb1-af37-4d6d-a4c5-ef83792e99a9]: BUSY"}}
[debug] [2020-07-25T16:11:17.194Z] [runtime-status] [929] Functions runtime initialized. {"cwd":"/Users/macintoshhd/Documents/proyectos/agroanalytics/functions","node_version":"12.18.1"} {"metadata":{"emulator":{"name":"functions"},"message":"[runtime-status] [929] Functions runtime initialized. {\"cwd\":\"/Users/macintoshhd/Documents/proyectos/agroanalytics/functions\",\"node_version\":\"12.18.1\"}"}}
[debug] [2020-07-25T16:11:17.214Z] [runtime-status] [929] Disabled runtime features: undefined {"metadata":{"emulator":{"name":"functions"},"message":"[runtime-status] [929] Disabled runtime features: undefined"}}
[debug] [2020-07-25T16:11:17.254Z] [runtime-status] [929] Resolved module firebase-admin {"declared":true,"installed":true,"version":"8.8.0","resolution":"/Users/macintoshhd/Documents/proyectos/agroanalytics/functions/node_modules/firebase-admin/lib/index.js"} {"metadata":{"emulator":{"name":"functions"},"message":"[runtime-status] [929] Resolved module firebase-admin {\"declared\":true,\"installed\":true,\"version\":\"8.8.0\",\"resolution\":\"/Users/macintoshhd/Documents/proyectos/agroanalytics/functions/node_modules/firebase-admin/lib/index.js\"}"}}
[warn] ⚠  The Cloud Functions emulator requires the module "firebase-admin" to be version >8.9.0 so your version is too old. You can probably fix this by running "npm install firebase-admin@latest" in your functions directory. {"metadata":{"emulator":{"name":"functions"},"message":"The Cloud Functions emulator requires the module \"firebase-admin\" to be version >8.9.0 so your version is too old. You can probably fix this by running \"npm install firebase-admin@latest\" in your functions directory."}}
[info] i  functions: Your functions could not be parsed due to an issue with your node_modules (see above) {"metadata":{"emulator":{"name":"functions"},"message":"Your functions could not be parsed due to an issue with your node_modules (see above)"}}
[debug] [2020-07-25T16:11:17.283Z] [worker-~diagnostic~-27cdedb1-af37-4d6d-a4c5-ef83792e99a9]: exited {"metadata":{"emulator":{"name":"functions"},"message":"[worker-~diagnostic~-27cdedb1-af37-4d6d-a4c5-ef83792e99a9]: exited"}}
[debug] [2020-07-25T16:11:17.283Z] [worker-~diagnostic~-27cdedb1-af37-4d6d-a4c5-ef83792e99a9]: FINISHED {"metadata":{"emulator":{"name":"functions"},"message":"[worker-~diagnostic~-27cdedb1-af37-4d6d-a4c5-ef83792e99a9]: FINISHED"}}
[debug] [2020-07-25T16:12:10.720Z] File /Users/macintoshhd/Documents/proyectos/agroanalytics/functions/index.js changed, reloading triggers {"metadata":{"emulator":{"name":"functions"},"message":"File /Users/macintoshhd/Documents/proyectos/agroanalytics/functions/index.js changed, reloading triggers"}}
[debug] [2020-07-25T16:12:11.721Z] [worker-pool] Cleaned up workers for ~diagnostic~: 1 --> 0 {"metadata":{"emulator":{"name":"functions"},"message":"[worker-pool] Cleaned up workers for ~diagnostic~: 1 --> 0"}}
[debug] [2020-07-25T16:12:11.726Z] [worker-pool] addWorker(~diagnostic~) {"metadata":{"emulator":{"name":"functions"},"message":"[worker-pool] addWorker(~diagnostic~)"}}
[debug] [2020-07-25T16:12:11.726Z] [worker-pool] Adding worker with key ~diagnostic~, total=1 {"metadata":{"emulator":{"name":"functions"},"message":"[worker-pool] Adding worker with key ~diagnostic~, total=1"}}
[debug] [2020-07-25T16:12:11.727Z] [worker-pool] submitWork(triggerId=) {"metadata":{"emulator":{"name":"functions"},"message":"[worker-pool] submitWork(triggerId=)"}}
[debug] [2020-07-25T16:12:11.727Z] [worker-~diagnostic~-47fc12d8-5ea4-4c0a-a4ab-a7953abb56fc]: Assigning socketPath: /var/folders/b7/5phm55692vz1t6h8s79dmx6m0000gn/T/fire_emu_938.sock {"metadata":{"emulator":{"name":"functions"},"message":"[worker-~diagnostic~-47fc12d8-5ea4-4c0a-a4ab-a7953abb56fc]: Assigning socketPath: /var/folders/b7/5phm55692vz1t6h8s79dmx6m0000gn/T/fire_emu_938.sock"}}
[debug] [2020-07-25T16:12:11.727Z] [worker-~diagnostic~-47fc12d8-5ea4-4c0a-a4ab-a7953abb56fc]: BUSY {"metadata":{"emulator":{"name":"functions"},"message":"[worker-~diagnostic~-47fc12d8-5ea4-4c0a-a4ab-a7953abb56fc]: BUSY"}}
[debug] [2020-07-25T16:12:12.034Z] [runtime-status] [938] Functions runtime initialized. {"cwd":"/Users/macintoshhd/Documents/proyectos/agroanalytics/functions","node_version":"12.18.1"} {"metadata":{"emulator":{"name":"functions"},"message":"[runtime-status] [938] Functions runtime initialized. {\"cwd\":\"/Users/macintoshhd/Documents/proyectos/agroanalytics/functions\",\"node_version\":\"12.18.1\"}"}}
[debug] [2020-07-25T16:12:12.036Z] [runtime-status] [938] Disabled runtime features: undefined {"metadata":{"emulator":{"name":"functions"},"message":"[runtime-status] [938] Disabled runtime features: undefined"}}
[debug] [2020-07-25T16:12:12.039Z] [runtime-status] [938] Resolved module firebase-admin {"declared":true,"installed":true,"version":"8.8.0","resolution":"/Users/macintoshhd/Documents/proyectos/agroanalytics/functions/node_modules/firebase-admin/lib/index.js"} {"metadata":{"emulator":{"name":"functions"},"message":"[runtime-status] [938] Resolved module firebase-admin {\"declared\":true,\"installed\":true,\"version\":\"8.8.0\",\"resolution\":\"/Users/macintoshhd/Documents/proyectos/agroanalytics/functions/node_modules/firebase-admin/lib/index.js\"}"}}
[warn] ⚠  The Cloud Functions emulator requires the module "firebase-admin" to be version >8.9.0 so your version is too old. You can probably fix this by running "npm install firebase-admin@latest" in your functions directory. {"metadata":{"emulator":{"name":"functions"},"message":"The Cloud Functions emulator requires the module \"firebase-admin\" to be version >8.9.0 so your version is too old. You can probably fix this by running \"npm install firebase-admin@latest\" in your functions directory."}}
[info] i  functions: Your functions could not be parsed due to an issue with your node_modules (see above) {"metadata":{"emulator":{"name":"functions"},"message":"Your functions could not be parsed due to an issue with your node_modules (see above)"}}
[debug] [2020-07-25T16:12:12.060Z] [worker-~diagnostic~-47fc12d8-5ea4-4c0a-a4ab-a7953abb56fc]: exited {"metadata":{"emulator":{"name":"functions"},"message":"[worker-~diagnostic~-47fc12d8-5ea4-4c0a-a4ab-a7953abb56fc]: exited"}}
[debug] [2020-07-25T16:12:12.060Z] [worker-~diagnostic~-47fc12d8-5ea4-4c0a-a4ab-a7953abb56fc]: FINISHED {"metadata":{"emulator":{"name":"functions"},"message":"[worker-~diagnostic~-47fc12d8-5ea4-4c0a-a4ab-a7953abb56fc]: FINISHED"}}
[debug] [2020-07-25T16:14:16.451Z] ----------------------------------------------------------------------
[debug] [2020-07-25T16:14:16.453Z] Command:       /usr/local/bin/node /Users/macintoshhd/.npm-global/bin/firebase serve --only functions
[debug] [2020-07-25T16:14:16.453Z] CLI Version:   8.6.0
[debug] [2020-07-25T16:14:16.453Z] Platform:      darwin
[debug] [2020-07-25T16:14:16.453Z] Node Version:  v12.18.1
[debug] [2020-07-25T16:14:16.454Z] Time:          Sat Jul 25 2020 11:14:16 GMT-0500 (Peru Standard Time)
[debug] [2020-07-25T16:14:16.455Z] ----------------------------------------------------------------------
[debug] [2020-07-25T16:14:16.455Z] 
[debug] [2020-07-25T16:14:16.467Z] > command requires scopes: ["email","openid","https://www.googleapis.com/auth/cloudplatformprojects.readonly","https://www.googleapis.com/auth/firebase","https://www.googleapis.com/auth/cloud-platform"]
[debug] [2020-07-25T16:14:16.468Z] > authorizing via signed-in user
[debug] [2020-07-25T16:14:16.468Z] [iam] checking project agroanalytics-b2462 for permissions ["firebase.projects.get"]
[debug] [2020-07-25T16:14:16.471Z] >>> HTTP REQUEST POST https://cloudresourcemanager.googleapis.com/v1/projects/agroanalytics-b2462:testIamPermissions  
 {"permissions":["firebase.projects.get"]}
[debug] [2020-07-25T16:14:18.078Z] <<< HTTP RESPONSE 200 {"content-type":"application/json; charset=UTF-8","vary":"X-Origin, Referer, Origin,Accept-Encoding","date":"Sat, 25 Jul 2020 16:14:17 GMT","server":"ESF","cache-control":"private","x-xss-protection":"0","x-frame-options":"SAMEORIGIN","x-content-type-options":"nosniff","server-timing":"gfet4t7; dur=861","alt-svc":"h3-29=\":443\"; ma=2592000,h3-27=\":443\"; ma=2592000,h3-T050=\":443\"; ma=2592000,h3-Q050=\":443\"; ma=2592000,h3-Q046=\":443\"; ma=2592000,h3-Q043=\":443\"; ma=2592000,quic=\":443\"; ma=2592000; v=\"46,43\"","accept-ranges":"none","transfer-encoding":"chunked"}
[debug] [2020-07-25T16:14:18.079Z] >>> HTTP REQUEST GET https://firebase.googleapis.com/v1beta1/projects/agroanalytics-b2462  
 
[debug] [2020-07-25T16:14:19.402Z] <<< HTTP RESPONSE 200 {"content-type":"application/json; charset=UTF-8","vary":"X-Origin, Referer, Origin,Accept-Encoding","date":"Sat, 25 Jul 2020 16:14:19 GMT","server":"ESF","cache-control":"private","x-xss-protection":"0","x-frame-options":"SAMEORIGIN","x-content-type-options":"nosniff","alt-svc":"h3-29=\":443\"; ma=2592000,h3-27=\":443\"; ma=2592000,h3-T050=\":443\"; ma=2592000,h3-Q050=\":443\"; ma=2592000,h3-Q046=\":443\"; ma=2592000,h3-Q043=\":443\"; ma=2592000,quic=\":443\"; ma=2592000; v=\"46,43\"","accept-ranges":"none","transfer-encoding":"chunked"}
[warn] ⚠  Your requested "node" version "10" doesn't match your global version "12" {"metadata":{"emulator":{"name":"functions"},"message":"Your requested \"node\" version \"10\" doesn't match your global version \"12\""}}
[info] i  functions: Watching "/Users/macintoshhd/Documents/proyectos/agroanalytics/functions" for Cloud Functions... {"metadata":{"emulator":{"name":"functions"},"message":"Watching \"/Users/macintoshhd/Documents/proyectos/agroanalytics/functions\" for Cloud Functions..."}}
[debug] [2020-07-25T16:14:19.454Z] [worker-pool] addWorker(~diagnostic~) {"metadata":{"emulator":{"name":"functions"},"message":"[worker-pool] addWorker(~diagnostic~)"}}
[debug] [2020-07-25T16:14:19.457Z] [worker-pool] Adding worker with key ~diagnostic~, total=1 {"metadata":{"emulator":{"name":"functions"},"message":"[worker-pool] Adding worker with key ~diagnostic~, total=1"}}
[debug] [2020-07-25T16:14:19.459Z] [worker-pool] submitWork(triggerId=) {"metadata":{"emulator":{"name":"functions"},"message":"[worker-pool] submitWork(triggerId=)"}}
[debug] [2020-07-25T16:14:19.459Z] [worker-~diagnostic~-4c18b0ed-6071-4518-9a63-d0f8d8655b72]: Assigning socketPath: /var/folders/b7/5phm55692vz1t6h8s79dmx6m0000gn/T/fire_emu_964.sock {"metadata":{"emulator":{"name":"functions"},"message":"[worker-~diagnostic~-4c18b0ed-6071-4518-9a63-d0f8d8655b72]: Assigning socketPath: /var/folders/b7/5phm55692vz1t6h8s79dmx6m0000gn/T/fire_emu_964.sock"}}
[debug] [2020-07-25T16:14:19.460Z] [worker-~diagnostic~-4c18b0ed-6071-4518-9a63-d0f8d8655b72]: BUSY {"metadata":{"emulator":{"name":"functions"},"message":"[worker-~diagnostic~-4c18b0ed-6071-4518-9a63-d0f8d8655b72]: BUSY"}}
[debug] [2020-07-25T16:14:19.778Z] [runtime-status] [964] Functions runtime initialized. {"cwd":"/Users/macintoshhd/Documents/proyectos/agroanalytics/functions","node_version":"12.18.1"} {"metadata":{"emulator":{"name":"functions"},"message":"[runtime-status] [964] Functions runtime initialized. {\"cwd\":\"/Users/macintoshhd/Documents/proyectos/agroanalytics/functions\",\"node_version\":\"12.18.1\"}"}}
[debug] [2020-07-25T16:14:19.779Z] [runtime-status] [964] Disabled runtime features: undefined {"metadata":{"emulator":{"name":"functions"},"message":"[runtime-status] [964] Disabled runtime features: undefined"}}
[debug] [2020-07-25T16:14:19.783Z] [runtime-status] [964] Resolved module firebase-admin {"declared":true,"installed":true,"version":"8.8.0","resolution":"/Users/macintoshhd/Documents/proyectos/agroanalytics/functions/node_modules/firebase-admin/lib/index.js"} {"metadata":{"emulator":{"name":"functions"},"message":"[runtime-status] [964] Resolved module firebase-admin {\"declared\":true,\"installed\":true,\"version\":\"8.8.0\",\"resolution\":\"/Users/macintoshhd/Documents/proyectos/agroanalytics/functions/node_modules/firebase-admin/lib/index.js\"}"}}
[warn] ⚠  The Cloud Functions emulator requires the module "firebase-admin" to be version >8.9.0 so your version is too old. You can probably fix this by running "npm install firebase-admin@latest" in your functions directory. {"metadata":{"emulator":{"name":"functions"},"message":"The Cloud Functions emulator requires the module \"firebase-admin\" to be version >8.9.0 so your version is too old. You can probably fix this by running \"npm install firebase-admin@latest\" in your functions directory."}}
[info] i  functions: Your functions could not be parsed due to an issue with your node_modules (see above) {"metadata":{"emulator":{"name":"functions"},"message":"Your functions could not be parsed due to an issue with your node_modules (see above)"}}
[debug] [2020-07-25T16:14:19.808Z] [worker-~diagnostic~-4c18b0ed-6071-4518-9a63-d0f8d8655b72]: exited {"metadata":{"emulator":{"name":"functions"},"message":"[worker-~diagnostic~-4c18b0ed-6071-4518-9a63-d0f8d8655b72]: exited"}}
[debug] [2020-07-25T16:14:19.808Z] [worker-~diagnostic~-4c18b0ed-6071-4518-9a63-d0f8d8655b72]: FINISHED {"metadata":{"emulator":{"name":"functions"},"message":"[worker-~diagnostic~-4c18b0ed-6071-4518-9a63-d0f8d8655b72]: FINISHED"}}
